This is pdfTeX, Version 3.1415926-2.5-1.40.14 (MiKTeX 2.9) (preloaded format=pdflatex 2013.12.8)  13 OCT 2016 01:45
entering extended mode
**C:/Users/User/Desktop/projects_MSU/Akishin/TeX/Akishin.tex
(C:/Users/User/Desktop/projects_MSU/Akishin/TeX/Akishin.tex
LaTeX2e <2011/06/27>
Babel <v3.8m> and hyphenation patterns for english, afrikaans, ancientgreek, ar
abic, armenian, assamese, basque, bengali, bokmal, bulgarian, catalan, coptic, 
croatian, czech, danish, dutch, esperanto, estonian, farsi, finnish, french, ga
lician, german, german-x-2013-05-26, greek, gujarati, hindi, hungarian, iceland
ic, indonesian, interlingua, irish, italian, kannada, kurmanji, latin, latvian,
 lithuanian, malayalam, marathi, mongolian, mongolianlmc, monogreek, ngerman, n
german-x-2013-05-26, nynorsk, oriya, panjabi, pinyin, polish, portuguese, roman
ian, russian, sanskrit, serbian, slovak, slovenian, spanish, swedish, swissgerm
an, tamil, telugu, turkish, turkmen, ukenglish, ukrainian, uppersorbian, usengl
ishmax, welsh, loaded.
(C:\TeX\Full_TeX\texmf\tex\latex\base\article.cls
Document Class: article 2007/10/19 v1.4h Standard LaTeX document class
(C:\TeX\Full_TeX\texmf\tex\latex\base\size12.clo
File: size12.clo 2007/10/19 v1.4h Standard LaTeX file (size option)
)
\c@part=\count79
\c@section=\count80
\c@subsection=\count81
\c@subsubsection=\count82
\c@paragraph=\count83
\c@subparagraph=\count84
\c@figure=\count85
\c@table=\count86
\abovecaptionskip=\skip41
\belowcaptionskip=\skip42
\bibindent=\dimen102
)
(C:\TeX\Full_TeX\texmf\tex\latex\base\fontenc.sty
Package: fontenc 2005/09/27 v1.99g Standard LaTeX package

(C:\TeX\Full_TeX\texmf\tex\latex\cyrillic\t2aenc.def
File: t2aenc.def 2005/09/27 v1.0i Cyrillic encoding definition file
)
LaTeX Font Info:    Try loading font information for T2A+cmr on input line 100.


(C:\TeX\Full_TeX\texmf\tex\latex\cyrillic\t2acmr.fd
File: t2acmr.fd 2001/08/11 v1.0a Computer Modern Cyrillic font definitions
))
(C:\TeX\Full_TeX\texmf\tex\latex\base\inputenc.sty
Package: inputenc 2008/03/30 v1.1d Input encoding file
\inpenc@prehook=\toks14
\inpenc@posthook=\toks15

(C:\TeX\Full_TeX\texmf\tex\latex\cyrillic\cp1251.def
File: cp1251.def 1999/11/16 v1.0d Input encoding file
))
(C:\TeX\Full_TeX\texmf\tex\generic\babel\babel.sty
Package: babel 2008/07/08 v3.8m The Babel package

*************************************
* Local config file bblopts.cfg used
*
(C:\TeX\Full_TeX\texmf\tex\latex\00miktex\bblopts.cfg
File: bblopts.cfg 2006/07/31 v1.0 MiKTeX 'babel' configuration
)
(C:\TeX\Full_TeX\texmf\tex\generic\babel\english.ldf
Language: english 2005/03/30 v3.3o English support from the babel system

(C:\TeX\Full_TeX\texmf\tex\generic\babel\babel.def
File: babel.def 2008/07/08 v3.8m Babel common definitions
\babel@savecnt=\count87
\U@D=\dimen103
)
\l@canadian = a dialect from \language\l@american 
\l@australian = a dialect from \language\l@british 
\l@newzealand = a dialect from \language\l@british 
)
(C:\TeX\Full_TeX\texmf\tex\generic\babel\russianb.ldf
Language: russianb 2008/03/21 v1.1r Russian support from the babel system
Package babel Info: Making " an active character on input line 199.
))
(C:\TeX\Full_TeX\texmf\tex\latex\amsmath\amsmath.sty
Package: amsmath 2013/01/14 v2.14 AMS math features
\@mathmargin=\skip43

For additional information on amsmath, use the `?' option.
(C:\TeX\Full_TeX\texmf\tex\latex\amsmath\amstext.sty
Package: amstext 2000/06/29 v2.01

(C:\TeX\Full_TeX\texmf\tex\latex\amsmath\amsgen.sty
File: amsgen.sty 1999/11/30 v2.0
\@emptytoks=\toks16
\ex@=\dimen104
))
(C:\TeX\Full_TeX\texmf\tex\latex\amsmath\amsbsy.sty
Package: amsbsy 1999/11/29 v1.2d
\pmbraise@=\dimen105
)
(C:\TeX\Full_TeX\texmf\tex\latex\amsmath\amsopn.sty
Package: amsopn 1999/12/14 v2.01 operator names
)
\inf@bad=\count88
LaTeX Info: Redefining \frac on input line 210.
\uproot@=\count89
\leftroot@=\count90
LaTeX Info: Redefining \overline on input line 306.
\classnum@=\count91
\DOTSCASE@=\count92
LaTeX Info: Redefining \ldots on input line 378.
LaTeX Info: Redefining \dots on input line 381.
LaTeX Info: Redefining \cdots on input line 466.
\Mathstrutbox@=\box26
\strutbox@=\box27
\big@size=\dimen106
LaTeX Font Info:    Redeclaring font encoding OML on input line 566.
LaTeX Font Info:    Redeclaring font encoding OMS on input line 567.
\macc@depth=\count93
\c@MaxMatrixCols=\count94
\dotsspace@=\muskip10
\c@parentequation=\count95
\dspbrk@lvl=\count96
\tag@help=\toks17
\row@=\count97
\column@=\count98
\maxfields@=\count99
\andhelp@=\toks18
\eqnshift@=\dimen107
\alignsep@=\dimen108
\tagshift@=\dimen109
\tagwidth@=\dimen110
\totwidth@=\dimen111
\lineht@=\dimen112
\@envbody=\toks19
\multlinegap=\skip44
\multlinetaggap=\skip45
\mathdisplay@stack=\toks20
LaTeX Info: Redefining \[ on input line 2665.
LaTeX Info: Redefining \] on input line 2666.
)
(C:\TeX\Full_TeX\texmf\tex\latex\amsfonts\amsfonts.sty
Package: amsfonts 2013/01/14 v3.01 Basic AMSFonts support
\symAMSa=\mathgroup4
\symAMSb=\mathgroup5
LaTeX Font Info:    Overwriting math alphabet `\mathfrak' in version `bold'
(Font)                  U/euf/m/n --> U/euf/b/n on input line 106.
)
(C:\TeX\Full_TeX\texmf\tex\latex\amscls\amsthm.sty
Package: amsthm 2004/08/06 v2.20
\thm@style=\toks21
\thm@bodyfont=\toks22
\thm@headfont=\toks23
\thm@notefont=\toks24
\thm@headpunct=\toks25
\thm@preskip=\skip46
\thm@postskip=\skip47
\thm@headsep=\skip48
\dth@everypar=\toks26
)
(C:\TeX\Full_TeX\texmf\tex\latex\amsfonts\amssymb.sty
Package: amssymb 2013/01/14 v3.01 AMS font symbols
)
(C:\TeX\Full_TeX\texmf\tex\latex\amsmath\amscd.sty
Package: amscd 1999/11/29 v2.0
\athelp@=\toks27
\minaw@=\dimen113
\bigaw@=\dimen114
\minCDarrowwidth=\dimen115
)
(C:\TeX\Full_TeX\texmf\tex\latex\amsmath\amsxtra.sty
Package: amsxtra 1999/11/15 v1.2c
LaTeX Info: Redefining \nobreakspace on input line 65.
)
(C:\TeX\Full_TeX\texmf\tex\latex\tools\multicol.sty
Package: multicol 2011/06/27 v1.7a multicolumn formatting (FMi)
\c@tracingmulticols=\count100
\mult@box=\box28
\multicol@leftmargin=\dimen116
\c@unbalance=\count101
\c@collectmore=\count102
\doublecol@number=\count103
\multicoltolerance=\count104
\multicolpretolerance=\count105
\full@width=\dimen117
\page@free=\dimen118
\premulticols=\dimen119
\postmulticols=\dimen120
\multicolsep=\skip49
\multicolbaselineskip=\skip50
\partial@page=\box29
\last@line=\box30
\mult@rightbox=\box31
\mult@grightbox=\box32
\mult@gfirstbox=\box33
\mult@firstbox=\box34
\@tempa=\box35
\@tempa=\box36
\@tempa=\box37
\@tempa=\box38
\@tempa=\box39
\@tempa=\box40
\@tempa=\box41
\@tempa=\box42
\@tempa=\box43
\@tempa=\box44
\@tempa=\box45
\@tempa=\box46
\@tempa=\box47
\@tempa=\box48
\@tempa=\box49
\@tempa=\box50
\@tempa=\box51
\c@columnbadness=\count106
\c@finalcolumnbadness=\count107
\last@try=\dimen121
\multicolovershoot=\dimen122
\multicolundershoot=\dimen123
\mult@nat@firstbox=\box52
\colbreak@box=\box53
\multicol@sort@counter=\count108
)
(C:\TeX\Full_TeX\texmf\tex\latex\dstroke\dsfont.sty
Package: dsfont 1995/08/01 v0.1 Double stroke roman fonts
)
(C:\TeX\Full_TeX\texmf\tex\latex\graphics\graphicx.sty
Package: graphicx 1999/02/16 v1.0f Enhanced LaTeX Graphics (DPC,SPQR)

(C:\TeX\Full_TeX\texmf\tex\latex\graphics\keyval.sty
Package: keyval 1999/03/16 v1.13 key=value parser (DPC)
\KV@toks@=\toks28
)
(C:\TeX\Full_TeX\texmf\tex\latex\graphics\graphics.sty
Package: graphics 2009/02/05 v1.0o Standard LaTeX Graphics (DPC,SPQR)

(C:\TeX\Full_TeX\texmf\tex\latex\graphics\trig.sty
Package: trig 1999/03/16 v1.09 sin cos tan (DPC)
)
(C:\TeX\Full_TeX\texmf\tex\latex\00miktex\graphics.cfg
File: graphics.cfg 2007/01/18 v1.5 graphics configuration of teTeX/TeXLive
)
Package graphics Info: Driver file: pdftex.def on input line 91.

(C:\TeX\Full_TeX\texmf\tex\latex\pdftex-def\pdftex.def
File: pdftex.def 2011/05/27 v0.06d Graphics/color for pdfTeX

(C:\TeX\Full_TeX\texmf\tex\generic\oberdiek\infwarerr.sty
Package: infwarerr 2010/04/08 v1.3 Providing info/warning/error messages (HO)
)
(C:\TeX\Full_TeX\texmf\tex\generic\oberdiek\ltxcmds.sty
Package: ltxcmds 2011/11/09 v1.22 LaTeX kernel commands for general use (HO)
)
\Gread@gobject=\count109
))
\Gin@req@height=\dimen124
\Gin@req@width=\dimen125
)
(C:\TeX\Full_TeX\texmf\tex\latex\pgf\basiclayer\pgf.sty
(C:\TeX\Full_TeX\texmf\tex\latex\pgf\utilities\pgfrcs.sty
(C:\TeX\Full_TeX\texmf\tex\generic\pgf\utilities\pgfutil-common.tex
\pgfutil@everybye=\toks29
)
(C:\TeX\Full_TeX\texmf\tex\generic\pgf\utilities\pgfutil-latex.def
\pgfutil@abb=\box54

(C:\TeX\Full_TeX\texmf\tex\latex\ms\everyshi.sty
Package: everyshi 2001/05/15 v3.00 EveryShipout Package (MS)
))
(C:\TeX\Full_TeX\texmf\tex\generic\pgf\utilities\pgfrcs.code.tex
Package: pgfrcs 2010/10/25 v2.10 (rcs-revision 1.24)
))
Package: pgf 2008/01/15 v2.10 (rcs-revision 1.12)

(C:\TeX\Full_TeX\texmf\tex\latex\pgf\basiclayer\pgfcore.sty
(C:\TeX\Full_TeX\texmf\tex\latex\pgf\systemlayer\pgfsys.sty
(C:\TeX\Full_TeX\texmf\tex\generic\pgf\systemlayer\pgfsys.code.tex
Package: pgfsys 2010/06/30 v2.10 (rcs-revision 1.37)

(C:\TeX\Full_TeX\texmf\tex\generic\pgf\utilities\pgfkeys.code.tex
\pgfkeys@pathtoks=\toks30
\pgfkeys@temptoks=\toks31

(C:\TeX\Full_TeX\texmf\tex\generic\pgf\utilities\pgfkeysfiltered.code.tex
\pgfkeys@tmptoks=\toks32
))
\pgf@x=\dimen126
\pgf@y=\dimen127
\pgf@xa=\dimen128
\pgf@ya=\dimen129
\pgf@xb=\dimen130
\pgf@yb=\dimen131
\pgf@xc=\dimen132
\pgf@yc=\dimen133
\w@pgf@writea=\write3
\r@pgf@reada=\read1
\c@pgf@counta=\count110
\c@pgf@countb=\count111
\c@pgf@countc=\count112
\c@pgf@countd=\count113

(C:\TeX\Full_TeX\texmf\tex\generic\pgf\systemlayer\pgf.cfg
File: pgf.cfg 2008/05/14  (rcs-revision 1.7)
)
Package pgfsys Info: Driver file for pgf: pgfsys-pdftex.def on input line 900.

(C:\TeX\Full_TeX\texmf\tex\generic\pgf\systemlayer\pgfsys-pdftex.def
File: pgfsys-pdftex.def 2009/05/22  (rcs-revision 1.26)

(C:\TeX\Full_TeX\texmf\tex\generic\pgf\systemlayer\pgfsys-common-pdf.def
File: pgfsys-common-pdf.def 2008/05/19  (rcs-revision 1.10)
)))
(C:\TeX\Full_TeX\texmf\tex\generic\pgf\systemlayer\pgfsyssoftpath.code.tex
File: pgfsyssoftpath.code.tex 2008/07/18  (rcs-revision 1.7)
\pgfsyssoftpath@smallbuffer@items=\count114
\pgfsyssoftpath@bigbuffer@items=\count115
)
(C:\TeX\Full_TeX\texmf\tex\generic\pgf\systemlayer\pgfsysprotocol.code.tex
File: pgfsysprotocol.code.tex 2006/10/16  (rcs-revision 1.4)
))
(C:\TeX\Full_TeX\texmf\tex\latex\xcolor\xcolor.sty
Package: xcolor 2007/01/21 v2.11 LaTeX color extensions (UK)

(C:\TeX\Full_TeX\texmf\tex\latex\00miktex\color.cfg
File: color.cfg 2007/01/18 v1.5 color configuration of teTeX/TeXLive
)
Package xcolor Info: Driver file: pdftex.def on input line 225.
Package xcolor Info: Model `cmy' substituted by `cmy0' on input line 1337.
Package xcolor Info: Model `hsb' substituted by `rgb' on input line 1341.
Package xcolor Info: Model `RGB' extended on input line 1353.
Package xcolor Info: Model `HTML' substituted by `rgb' on input line 1355.
Package xcolor Info: Model `Hsb' substituted by `hsb' on input line 1356.
Package xcolor Info: Model `tHsb' substituted by `hsb' on input line 1357.
Package xcolor Info: Model `HSB' substituted by `hsb' on input line 1358.
Package xcolor Info: Model `Gray' substituted by `gray' on input line 1359.
Package xcolor Info: Model `wave' substituted by `hsb' on input line 1360.
)
(C:\TeX\Full_TeX\texmf\tex\generic\pgf\basiclayer\pgfcore.code.tex
Package: pgfcore 2010/04/11 v2.10 (rcs-revision 1.7)

(C:\TeX\Full_TeX\texmf\tex\generic\pgf\math\pgfmath.code.tex
(C:\TeX\Full_TeX\texmf\tex\generic\pgf\math\pgfmathcalc.code.tex
(C:\TeX\Full_TeX\texmf\tex\generic\pgf\math\pgfmathutil.code.tex)
(C:\TeX\Full_TeX\texmf\tex\generic\pgf\math\pgfmathparser.code.tex
\pgfmath@dimen=\dimen134
\pgfmath@count=\count116
\pgfmath@box=\box55
\pgfmath@toks=\toks33
\pgfmath@stack@operand=\toks34
\pgfmath@stack@operation=\toks35
)
(C:\TeX\Full_TeX\texmf\tex\generic\pgf\math\pgfmathfunctions.code.tex
(C:\TeX\Full_TeX\texmf\tex\generic\pgf\math\pgfmathfunctions.basic.code.tex)
(C:\TeX\Full_TeX\texmf\tex\generic\pgf\math\pgfmathfunctions.trigonometric.code
.tex)
(C:\TeX\Full_TeX\texmf\tex\generic\pgf\math\pgfmathfunctions.random.code.tex)
(C:\TeX\Full_TeX\texmf\tex\generic\pgf\math\pgfmathfunctions.comparison.code.te
x) (C:\TeX\Full_TeX\texmf\tex\generic\pgf\math\pgfmathfunctions.base.code.tex)
(C:\TeX\Full_TeX\texmf\tex\generic\pgf\math\pgfmathfunctions.round.code.tex)
(C:\TeX\Full_TeX\texmf\tex\generic\pgf\math\pgfmathfunctions.misc.code.tex)))
(C:\TeX\Full_TeX\texmf\tex\generic\pgf\math\pgfmathfloat.code.tex
\c@pgfmathroundto@lastzeros=\count117
))
(C:\TeX\Full_TeX\texmf\tex\generic\pgf\basiclayer\pgfcorepoints.code.tex
File: pgfcorepoints.code.tex 2010/04/09  (rcs-revision 1.20)
\pgf@picminx=\dimen135
\pgf@picmaxx=\dimen136
\pgf@picminy=\dimen137
\pgf@picmaxy=\dimen138
\pgf@pathminx=\dimen139
\pgf@pathmaxx=\dimen140
\pgf@pathminy=\dimen141
\pgf@pathmaxy=\dimen142
\pgf@xx=\dimen143
\pgf@xy=\dimen144
\pgf@yx=\dimen145
\pgf@yy=\dimen146
\pgf@zx=\dimen147
\pgf@zy=\dimen148
)
(C:\TeX\Full_TeX\texmf\tex\generic\pgf\basiclayer\pgfcorepathconstruct.code.tex
File: pgfcorepathconstruct.code.tex 2010/08/03  (rcs-revision 1.24)
\pgf@path@lastx=\dimen149
\pgf@path@lasty=\dimen150
) (C:\TeX\Full_TeX\texmf\tex\generic\pgf\basiclayer\pgfcorepathusage.code.tex
File: pgfcorepathusage.code.tex 2008/04/22  (rcs-revision 1.12)
\pgf@shorten@end@additional=\dimen151
\pgf@shorten@start@additional=\dimen152
)
(C:\TeX\Full_TeX\texmf\tex\generic\pgf\basiclayer\pgfcorescopes.code.tex
File: pgfcorescopes.code.tex 2010/09/08  (rcs-revision 1.34)
\pgfpic=\box56
\pgf@hbox=\box57
\pgf@layerbox@main=\box58
\pgf@picture@serial@count=\count118
)
(C:\TeX\Full_TeX\texmf\tex\generic\pgf\basiclayer\pgfcoregraphicstate.code.tex
File: pgfcoregraphicstate.code.tex 2008/04/22  (rcs-revision 1.9)
\pgflinewidth=\dimen153
)
(C:\TeX\Full_TeX\texmf\tex\generic\pgf\basiclayer\pgfcoretransformations.code.t
ex
File: pgfcoretransformations.code.tex 2009/06/10  (rcs-revision 1.11)
\pgf@pt@x=\dimen154
\pgf@pt@y=\dimen155
\pgf@pt@temp=\dimen156
) (C:\TeX\Full_TeX\texmf\tex\generic\pgf\basiclayer\pgfcorequick.code.tex
File: pgfcorequick.code.tex 2008/10/09  (rcs-revision 1.3)
)
(C:\TeX\Full_TeX\texmf\tex\generic\pgf\basiclayer\pgfcoreobjects.code.tex
File: pgfcoreobjects.code.tex 2006/10/11  (rcs-revision 1.2)
)
(C:\TeX\Full_TeX\texmf\tex\generic\pgf\basiclayer\pgfcorepathprocessing.code.te
x
File: pgfcorepathprocessing.code.tex 2008/10/09  (rcs-revision 1.8)
) (C:\TeX\Full_TeX\texmf\tex\generic\pgf\basiclayer\pgfcorearrows.code.tex
File: pgfcorearrows.code.tex 2008/04/23  (rcs-revision 1.11)
)
(C:\TeX\Full_TeX\texmf\tex\generic\pgf\basiclayer\pgfcoreshade.code.tex
File: pgfcoreshade.code.tex 2008/11/23  (rcs-revision 1.13)
\pgf@max=\dimen157
\pgf@sys@shading@range@num=\count119
)
(C:\TeX\Full_TeX\texmf\tex\generic\pgf\basiclayer\pgfcoreimage.code.tex
File: pgfcoreimage.code.tex 2010/03/25  (rcs-revision 1.16)

(C:\TeX\Full_TeX\texmf\tex\generic\pgf\basiclayer\pgfcoreexternal.code.tex
File: pgfcoreexternal.code.tex 2010/09/01  (rcs-revision 1.17)
\pgfexternal@startupbox=\box59
))
(C:\TeX\Full_TeX\texmf\tex\generic\pgf\basiclayer\pgfcorelayers.code.tex
File: pgfcorelayers.code.tex 2010/08/27  (rcs-revision 1.2)
)
(C:\TeX\Full_TeX\texmf\tex\generic\pgf\basiclayer\pgfcoretransparency.code.tex
File: pgfcoretransparency.code.tex 2008/01/17  (rcs-revision 1.2)
) (C:\TeX\Full_TeX\texmf\tex\generic\pgf\basiclayer\pgfcorepatterns.code.tex
File: pgfcorepatterns.code.tex 2009/07/02  (rcs-revision 1.3)
)))
(C:\TeX\Full_TeX\texmf\tex\generic\pgf\modules\pgfmoduleshapes.code.tex
File: pgfmoduleshapes.code.tex 2010/09/09  (rcs-revision 1.13)
\pgfnodeparttextbox=\box60
)
(C:\TeX\Full_TeX\texmf\tex\generic\pgf\modules\pgfmoduleplot.code.tex
File: pgfmoduleplot.code.tex 2010/10/22  (rcs-revision 1.8)
)
(C:\TeX\Full_TeX\texmf\tex\latex\pgf\compatibility\pgfcomp-version-0-65.sty
Package: pgfcomp-version-0-65 2007/07/03 v2.10 (rcs-revision 1.7)
\pgf@nodesepstart=\dimen158
\pgf@nodesepend=\dimen159
)
(C:\TeX\Full_TeX\texmf\tex\latex\pgf\compatibility\pgfcomp-version-1-18.sty
Package: pgfcomp-version-1-18 2007/07/23 v2.10 (rcs-revision 1.1)
))
(C:\TeX\Full_TeX\texmf\tex\latex\pgf\frontendlayer\tikz.sty
(C:\TeX\Full_TeX\texmf\tex\latex\pgf\utilities\pgffor.sty
(C:\TeX\Full_TeX\texmf\tex\latex\pgf\utilities\pgfkeys.sty
(C:\TeX\Full_TeX\texmf\tex\generic\pgf\utilities\pgfkeys.code.tex))
(C:\TeX\Full_TeX\texmf\tex\generic\pgf\utilities\pgffor.code.tex
Package: pgffor 2010/03/23 v2.10 (rcs-revision 1.18)
\pgffor@iter=\dimen160
\pgffor@skip=\dimen161
\pgffor@stack=\toks36
\pgffor@toks=\toks37
))
(C:\TeX\Full_TeX\texmf\tex\generic\pgf\frontendlayer\tikz\tikz.code.tex
Package: tikz 2010/10/13 v2.10 (rcs-revision 1.76)

(C:\TeX\Full_TeX\texmf\tex\generic\pgf\libraries\pgflibraryplothandlers.code.te
x
File: pgflibraryplothandlers.code.tex 2010/05/31 v2.10 (rcs-revision 1.15)
\pgf@plot@mark@count=\count120
\pgfplotmarksize=\dimen162
)
\tikz@lastx=\dimen163
\tikz@lasty=\dimen164
\tikz@lastxsaved=\dimen165
\tikz@lastysaved=\dimen166
\tikzleveldistance=\dimen167
\tikzsiblingdistance=\dimen168
\tikz@figbox=\box61
\tikz@tempbox=\box62
\tikztreelevel=\count121
\tikznumberofchildren=\count122
\tikznumberofcurrentchild=\count123
\tikz@fig@count=\count124
 (C:\TeX\Full_TeX\texmf\tex\generic\pgf\modules\pgfmodulematrix.code.tex
File: pgfmodulematrix.code.tex 2010/08/24  (rcs-revision 1.4)
\pgfmatrixcurrentrow=\count125
\pgfmatrixcurrentcolumn=\count126
\pgf@matrix@numberofcolumns=\count127
)
\tikz@expandcount=\count128

(C:\TeX\Full_TeX\texmf\tex\generic\pgf\frontendlayer\tikz\libraries\tikzlibrary
topaths.code.tex
File: tikzlibrarytopaths.code.tex 2008/06/17 v2.10 (rcs-revision 1.2)
))) (C:\TeX\Full_TeX\texmf\tex\latex\jknappen\mathrsfs.sty
Package: mathrsfs 1996/01/01 Math RSFS package v1.0 (jk)
\symrsfs=\mathgroup6
)
(C:\TeX\Full_TeX\texmf\tex\generic\pgf\frontendlayer\tikz\libraries\tikzlibrary
arrows.code.tex
File: tikzlibraryarrows.code.tex 2008/01/09 v2.10 (rcs-revision 1.1)

(C:\TeX\Full_TeX\texmf\tex\generic\pgf\libraries\pgflibraryarrows.code.tex
File: pgflibraryarrows.code.tex 2008/10/27 v2.10 (rcs-revision 1.9)
\arrowsize=\dimen169
))
(C:\TeX\Full_TeX\texmf\tex\latex\tools\array.sty
Package: array 2008/09/09 v2.4c Tabular extension package (FMi)
\col@sep=\dimen170
\extrarowheight=\dimen171
\NC@list=\toks38
\extratabsurround=\skip51
\backup@length=\skip52
)
(C:\TeX\Full_TeX\texmf\tex\latex\pgfplots\pgfplots.sty
(C:\TeX\Full_TeX\texmf\tex\generic\pgfplots\pgfplots.revision.tex)
Package: pgfplots 2013/10/03 v1.9 Data Visualization (1.9)

(C:\TeX\Full_TeX\texmf\tex\generic\pgfplots\pgfplots.code.tex
(C:\TeX\Full_TeX\texmf\tex\generic\pgfplots\pgfplotscore.code.tex
\t@pgfplots@toka=\toks39
\t@pgfplots@tokb=\toks40
\t@pgfplots@tokc=\toks41
\pgfplots@tmpa=\dimen172
\c@pgfplots@coordindex=\count129
\c@pgfplots@scanlineindex=\count130

(C:\TeX\Full_TeX\texmf\tex\generic\pgfplots\sys\pgfplotssysgeneric.code.tex))
(C:\TeX\Full_TeX\texmf\tex\generic\pgfplots\libs\pgfplotslibrary.code.tex)
(C:\TeX\Full_TeX\texmf\tex\generic\pgfplots\oldpgfcompatib\pgfplotsoldpgfsupp_l
oader.code.tex
Package pgfplots: loading complementary code for your PGF version...

(C:\TeX\Full_TeX\texmf\tex\generic\pgfplots\oldpgfcompatib\pgfplotsoldpgfsupp_m
isc.code.tex)
(C:\TeX\Full_TeX\texmf\tex\generic\pgfplots\oldpgfcompatib\pgfplotsoldpgfsupp_p
gfkeys.code.tex
\pgfkeys@pathtoks=\toks42
\pgfkeys@temptoks=\toks43

(C:\TeX\Full_TeX\texmf\tex\generic\pgfplots\oldpgfcompatib\pgfplotsoldpgfsupp_p
gfkeysfiltered.code.tex
\pgfkeys@tmptoks=\toks44
))
(C:\TeX\Full_TeX\texmf\tex\generic\pgfplots\oldpgfcompatib\pgfplotsoldpgfsupp_p
gfmathfloat.code.tex
\c@pgfmathroundto@lastzeros=\count131
)
(C:\TeX\Full_TeX\texmf\tex\generic\pgfplots\oldpgfcompatib\pgfplotsoldpgfsupp_p
gflibraryplothandlers.code.tex
File: pgflibraryplothandlers.code.tex 2012/09/11 v2.10 (rcs-revision 1.17)
\pgf@plot@mark@count=\count132
\pgfplotmarksize=\dimen173
)
(C:\TeX\Full_TeX\texmf\tex\generic\pgfplots\oldpgfcompatib\pgfplotsoldpgfsupp_p
gflibraryfpu.code.tex)
(C:\TeX\Full_TeX\texmf\tex\generic\pgfplots\oldpgfcompatib\pgfplotsoldpgfsupp_p
gfcorescopes.code.tex
File: pgfcorescopes.code.tex 2012/11/30  (rcs-revision 1.38)
\pgfpic=\box63
\pgf@hbox=\box64
\pgf@layerbox@main=\box65
\pgf@picture@serial@count=\count133
)
(C:\TeX\Full_TeX\texmf\tex\generic\pgfplots\oldpgfcompatib\pgfplotsoldpgfsupp_p
gfcorelayers.code.tex
File: pgfcorelayers.code.tex 2012/11/07  (rcs-revision 1.5)
))
(C:\TeX\Full_TeX\texmf\tex\generic\pgfplots\util\pgfplotsutil.code.tex
(C:\TeX\Full_TeX\texmf\tex\generic\pgfplots\liststructure\pgfplotsliststructure
.code.tex)
(C:\TeX\Full_TeX\texmf\tex\generic\pgfplots\liststructure\pgfplotsliststructure
ext.code.tex)
(C:\TeX\Full_TeX\texmf\tex\generic\pgfplots\liststructure\pgfplotsarray.code.te
x
\c@pgfplotsarray@tmp=\count134
)
(C:\TeX\Full_TeX\texmf\tex\generic\pgfplots\liststructure\pgfplotsmatrix.code.t
ex)
(C:\TeX\Full_TeX\texmf\tex\generic\pgfplots\numtable\pgfplotstableshared.code.t
ex
\c@pgfplotstable@counta=\count135
\t@pgfplotstable@a=\toks45
)
(C:\TeX\Full_TeX\texmf\tex\generic\pgfplots\liststructure\pgfplotsdeque.code.te
x) (C:\TeX\Full_TeX\texmf\tex\generic\pgfplots\util\pgfplotsbinary.code.tex
(C:\TeX\Full_TeX\texmf\tex\generic\pgfplots\util\pgfplotsbinary.data.code.tex))
(C:\TeX\Full_TeX\texmf\tex\generic\pgfplots\util\pgfplotsutil.verb.code.tex)
(C:\TeX\Full_TeX\texmf\tex\generic\pgfplots\libs\pgflibrarypgfplots.surfshading
.code.tex
\c@pgfplotslibrarysurf@no=\count136

(C:\TeX\Full_TeX\texmf\tex\generic\pgfplots\sys\pgflibrarypgfplots.surfshading.
pgfsys-pdftex.def)))
(C:\TeX\Full_TeX\texmf\tex\generic\pgfplots\util\pgfplotscolormap.code.tex
(C:\TeX\Full_TeX\texmf\tex\generic\pgfplots\util\pgfplotscolor.code.tex))
(C:\TeX\Full_TeX\texmf\tex\generic\pgfplots\pgfplotsstackedplots.code.tex)
(C:\TeX\Full_TeX\texmf\tex\generic\pgfplots\pgfplotsplothandlers.code.tex
(C:\TeX\Full_TeX\texmf\tex\generic\pgfplots\pgfplotsmeshplothandler.code.tex))
(C:\TeX\Full_TeX\texmf\tex\generic\pgfplots\pgfplots.scaling.code.tex)
(C:\TeX\Full_TeX\texmf\tex\generic\pgfplots\pgfplotscoordprocessing.code.tex)
(C:\TeX\Full_TeX\texmf\tex\generic\pgfplots\pgfplots.errorbars.code.tex)
(C:\TeX\Full_TeX\texmf\tex\generic\pgfplots\pgfplots.markers.code.tex)
(C:\TeX\Full_TeX\texmf\tex\generic\pgfplots\pgfplotsticks.code.tex)
(C:\TeX\Full_TeX\texmf\tex\generic\pgfplots\pgfplots.paths.code.tex)
(C:\TeX\Full_TeX\texmf\tex\generic\pgf\frontendlayer\tikz\libraries\tikzlibrary
decorations.code.tex
(C:\TeX\Full_TeX\texmf\tex\generic\pgf\modules\pgfmoduledecorations.code.tex
\pgfdecoratedcompleteddistance=\dimen174
\pgfdecoratedremainingdistance=\dimen175
\pgfdecoratedinputsegmentcompleteddistance=\dimen176
\pgfdecoratedinputsegmentremainingdistance=\dimen177
\pgf@decorate@distancetomove=\dimen178
\pgf@decorate@repeatstate=\count137
\pgfdecorationsegmentamplitude=\dimen179
\pgfdecorationsegmentlength=\dimen180
)
\tikz@lib@dec@box=\box66
)
(C:\TeX\Full_TeX\texmf\tex\generic\pgf\frontendlayer\tikz\libraries\tikzlibrary
decorations.pathmorphing.code.tex
(C:\TeX\Full_TeX\texmf\tex\generic\pgf\libraries\decorations\pgflibrarydecorati
ons.pathmorphing.code.tex))
(C:\TeX\Full_TeX\texmf\tex\generic\pgf\frontendlayer\tikz\libraries\tikzlibrary
decorations.pathreplacing.code.tex
(C:\TeX\Full_TeX\texmf\tex\generic\pgf\libraries\decorations\pgflibrarydecorati
ons.pathreplacing.code.tex))
\pgfplots@numplots=\count138
\pgfplots@xmin@reg=\dimen181
\pgfplots@xmax@reg=\dimen182
\pgfplots@ymin@reg=\dimen183
\pgfplots@ymax@reg=\dimen184
\pgfplots@zmin@reg=\dimen185
\pgfplots@zmax@reg=\dimen186
)
(C:\TeX\Full_TeX\texmf\tex\generic\pgf\frontendlayer\tikz\libraries\tikzlibrary
plotmarks.code.tex
File: tikzlibraryplotmarks.code.tex 2008/01/09 v2.10 (rcs-revision 1.1)

(C:\TeX\Full_TeX\texmf\tex\generic\pgf\libraries\pgflibraryplotmarks.code.tex
File: pgflibraryplotmarks.code.tex 2010/10/15 v2.10 (rcs-revision 1.12)
))) (C:\TeX\Full_TeX\texmf\tex\latex\multirow\multirow.sty
\bigstrutjot=\dimen187
)
(C:\Users\User\Desktop\projects_MSU\Akishin\TeX\Akishin.aux)
LaTeX Font Info:    Checking defaults for OML/cmm/m/it on input line 19.
LaTeX Font Info:    ... okay on input line 19.
LaTeX Font Info:    Checking defaults for T1/cmr/m/n on input line 19.
LaTeX Font Info:    ... okay on input line 19.
LaTeX Font Info:    Checking defaults for OT1/cmr/m/n on input line 19.
LaTeX Font Info:    ... okay on input line 19.
LaTeX Font Info:    Checking defaults for OMS/cmsy/m/n on input line 19.
LaTeX Font Info:    ... okay on input line 19.
LaTeX Font Info:    Checking defaults for OMX/cmex/m/n on input line 19.
LaTeX Font Info:    ... okay on input line 19.
LaTeX Font Info:    Checking defaults for U/cmr/m/n on input line 19.
LaTeX Font Info:    ... okay on input line 19.
LaTeX Font Info:    Checking defaults for T2A/cmr/m/n on input line 19.
LaTeX Font Info:    ... okay on input line 19.

(C:\TeX\Full_TeX\texmf\tex\context\base\supp-pdf.mkii
[Loading MPS to PDF converter (version 2006.09.02).]
\scratchcounter=\count139
\scratchdimen=\dimen188
\scratchbox=\box67
\nofMPsegments=\count140
\nofMParguments=\count141
\everyMPshowfont=\toks46
\MPscratchCnt=\count142
\MPscratchDim=\dimen189
\MPnumerator=\count143
\makeMPintoPDFobject=\count144
\everyMPtoPDFconversion=\toks47
) ABD: EveryShipout initializing macros

Package pgfplots Warning: running in backwards compatibility mode (unsuitable t
ick labels; missing features). Consider writing \pgfplotsset{compat=1.9} into y
our preamble.
 on input line 19.

LaTeX Font Info:    Try loading font information for U+msa on input line 25.
(C:\TeX\Full_TeX\texmf\tex\latex\amsfonts\umsa.fd
File: umsa.fd 2013/01/14 v3.01 AMS symbols A
)
LaTeX Font Info:    Try loading font information for U+msb on input line 25.

(C:\TeX\Full_TeX\texmf\tex\latex\amsfonts\umsb.fd
File: umsb.fd 2013/01/14 v3.01 AMS symbols B
)
LaTeX Font Info:    Try loading font information for U+rsfs on input line 25.

(C:\TeX\Full_TeX\texmf\tex\latex\jknappen\ursfs.fd
File: ursfs.fd 1998/03/24 rsfs font definition file (jk)
)
LaTeX Font Info:    Try loading font information for U+dsrom on input line 27.

(C:\TeX\Full_TeX\texmf\tex\latex\dstroke\udsrom.fd
File: Udsrom.fd 1995/08/01 v0.1 Double stroke roman font definitions
) [1

{C:/TeX/Full_TeX/texmf/pdftex/config/pdftex.map}]
runsystem(gnuplot Akishin.pgf-plot.gnuplot)...executed.


Overfull \hbox (17.48578pt too wide) in paragraph at lines 48--70
 [][][] 
 []


Overfull \hbox (17.48578pt too wide) in paragraph at lines 72--107
 [][][] 
 []

[2]
Overfull \hbox (3.78847pt too wide) in paragraph at lines 113--113
 []|[]$[]$| 
 []

runsystem(gnuplot Akishin.pgf-plot.gnuplot)...executed.

runsystem(gnuplot Akishin.pgf-plot.gnuplot)...executed.

runsystem(gnuplot Akishin.pgf-plot.gnuplot)...executed.

runsystem(gnuplot Akishin.pgf-plot.gnuplot)...executed.


Underfull \hbox (badness 10000) in paragraph at lines 122--122
[]|\T2A/cmr/m/n/12 Вырожденный
 []


Underfull \hbox (badness 10000) in paragraph at lines 132--132
[]|\T2A/cmr/m/n/12 Дикритический
 []


Underfull \hbox (badness 10000) in paragraph at lines 132--132
\T2A/cmr/m/n/12 узел. Толь-ко
 []


Underfull \hbox (badness 10000) in paragraph at lines 132--132
\T2A/cmr/m/n/12 в слу-чае си-
 []


Underfull \hbox (badness 10000) in paragraph at lines 132--132
\T2A/cmr/m/n/12 сте-мы ви-да
 []


Overfull \hbox (17.48578pt too wide) in paragraph at lines 109--134
 [][][] 
 []

[3]
Underfull \hbox (badness 1147) in paragraph at lines 161--162
[]|\T2A/cmr/m/n/12 В этом слу-чае
 []


Underfull \hbox (badness 10000) in paragraph at lines 161--162
\T2A/cmr/m/n/12 си-сте-ма име-ет
 []


Underfull \hbox (badness 10000) in paragraph at lines 163--163
[][]\T2A/cmr/m/n/12 Траектории
 []


Underfull \hbox (badness 10000) in paragraph at lines 163--163
\T2A/cmr/m/n/12 - пря-мые
 []


Underfull \hbox (badness 10000) in paragraph at lines 165--165
[]|\T2A/cmr/m/n/12 Вся фа-зо-вая
 []


Overfull \hbox (17.48578pt too wide) in paragraph at lines 136--168
 [][][] 
 []

[4] [5] [6] (C:\Users\User\Desktop\projects_MSU\Akishin\TeX\Akishin.aux) ) 
Here is how much of TeX's memory you used:
 21941 strings out of 493921
 508410 string characters out of 3150556
 861870 words of memory out of 3000000
 24815 multiletter control sequences out of 15000+200000
 14116 words of font info for 44 fonts, out of 3000000 for 9000
 841 hyphenation exceptions out of 8191
 50i,17n,74p,933b,655s stack positions out of 5000i,500n,10000p,200000b,50000s
{C:/T
eX/Full_TeX/texmf/fonts/enc/dvips/cm-super/cm-super-t2a.enc}<C:/TeX/Full_TeX/te
xmf/fonts/type1/public/amsfonts/cm/cmex10.pfb><C:/TeX/Full_TeX/texmf/fonts/type
1/public/amsfonts/cm/cmmi12.pfb><C:/TeX/Full_TeX/texmf/fonts/type1/public/amsfo
nts/cm/cmmi6.pfb><C:/TeX/Full_TeX/texmf/fonts/type1/public/amsfonts/cm/cmmi8.pf
b><C:/TeX/Full_TeX/texmf/fonts/type1/public/amsfonts/cm/cmr12.pfb><C:/TeX/Full_
TeX/texmf/fonts/type1/public/amsfonts/cm/cmr6.pfb><C:/TeX/Full_TeX/texmf/fonts/
type1/public/amsfonts/cm/cmr8.pfb><C:/TeX/Full_TeX/texmf/fonts/type1/public/ams
fonts/cm/cmsy10.pfb><C:/TeX/Full_TeX/texmf/fonts/type1/public/amsfonts/cm/cmsy8
.pfb><C:/TeX/Full_TeX/texmf/fonts/type1/public/dstroke/dsrom12.pfb><C:/TeX/Full
_TeX/texmf/fonts/type1/public/cm-super/sfbi1200.pfb><C:/TeX/Full_TeX/texmf/font
s/type1/public/cm-super/sfrm1200.pfb><C:/TeX/Full_TeX/texmf/fonts/type1/public/
cm-super/sfrm2074.pfb><C:/TeX/Full_TeX/texmf/fonts/type1/public/cm-super/sfti12
00.pfb><C:/TeX/Full_TeX/texmf/fonts/type1/public/cm-super/sfti1728.pfb>
Output written on Akishin.pdf (6 pages, 231532 bytes).
PDF statistics:
 85 PDF objects out of 1000 (max. 8388607)
 0 named destinations out of 1000 (max. 500000)
 13 words of extra memory for PDF output out of 10000 (max. 10000000)

